{
  "stats": {
    "suites": 12,
    "tests": 41,
    "passes": 9,
    "pending": 0,
    "failures": 32,
    "start": "2021-11-22T17:56:32.952Z",
    "end": "2021-11-22T17:58:49.625Z",
    "duration": 136673,
    "testsRegistered": 41,
    "passPercent": 21.951219512195124,
    "pendingPercent": 0,
    "other": 0,
    "hasOther": false,
    "skipped": 0,
    "hasSkipped": false
  },
  "results": [
    {
      "uuid": "c757c610-3fad-4d38-8bf4-0a0e72dff153",
      "title": "",
      "fullFile": "cypress/integration/project.spec.js",
      "file": "cypress/integration/project.spec.js",
      "beforeHooks": [],
      "afterHooks": [],
      "tests": [],
      "suites": [
        {
          "uuid": "2c36f7c6-4f7c-4db4-843a-ac6edfffcce4",
          "title": "1 - Adicione à página o título \"Paleta de Cores\".",
          "fullFile": "",
          "file": "",
          "beforeHooks": [],
          "afterHooks": [],
          "tests": [
            {
              "title": "Verifica se contém um elemento `h1` com o id `title` com o título correto",
              "fullTitle": "1 - Adicione à página o título \"Paleta de Cores\". Verifica se contém um elemento `h1` com o id `title` com o título correto",
              "timedOut": null,
              "duration": 295,
              "state": "passed",
              "speed": "slow",
              "pass": true,
              "fail": false,
              "pending": false,
              "context": null,
              "code": "cy.get('h1#title').should('contain.text', 'Paleta de Cores');",
              "err": {},
              "uuid": "f70c4162-ce71-46c1-9a50-f9b4f9200524",
              "parentUUID": "2c36f7c6-4f7c-4db4-843a-ac6edfffcce4",
              "isHook": false,
              "skipped": false
            }
          ],
          "suites": [],
          "passes": [
            "f70c4162-ce71-46c1-9a50-f9b4f9200524"
          ],
          "failures": [],
          "pending": [],
          "skipped": [],
          "duration": 295,
          "root": false,
          "rootEmpty": false,
          "_timeout": 2000
        },
        {
          "uuid": "e3dae128-0b1e-43cd-8690-7d5dc8e89f28",
          "title": "2 - Adicione à página uma paleta de quatro cores distintas.",
          "fullFile": "",
          "file": "",
          "beforeHooks": [],
          "afterHooks": [],
          "tests": [
            {
              "title": "A paleta de cores deve ser um elemento com `id` denominado `color-palette`",
              "fullTitle": "2 - Adicione à página uma paleta de quatro cores distintas. A paleta de cores deve ser um elemento com `id` denominado `color-palette`",
              "timedOut": null,
              "duration": 251,
              "state": "passed",
              "speed": "slow",
              "pass": true,
              "fail": false,
              "pending": false,
              "context": null,
              "code": "cy.get('#color-palette').should('be.visible');\ncy.get('#color-palette').children('.color');",
              "err": {},
              "uuid": "e99c2a57-3e3a-44e5-93e2-95a36fd217e6",
              "parentUUID": "e3dae128-0b1e-43cd-8690-7d5dc8e89f28",
              "isHook": false,
              "skipped": false
            },
            {
              "title": "Verifica se cada cor individual da paleta de cores possui a `classe` chamada `color`.",
              "fullTitle": "2 - Adicione à página uma paleta de quatro cores distintas. Verifica se cada cor individual da paleta de cores possui a `classe` chamada `color`.",
              "timedOut": null,
              "duration": 253,
              "state": "passed",
              "speed": "slow",
              "pass": true,
              "fail": false,
              "pending": false,
              "context": null,
              "code": "cy.get('.color').should('have.length', 4).then(function (colors) {\n  for (var i = 0; i < colors.length; i++) {\n    cy.wrap(colors[i]).should('be.visible');\n  }\n});",
              "err": {},
              "uuid": "096d3c47-35c7-4f9d-a76a-5eb9052872a2",
              "parentUUID": "e3dae128-0b1e-43cd-8690-7d5dc8e89f28",
              "isHook": false,
              "skipped": false
            },
            {
              "title": "Verifica se a cor de fundo de cada elemento da paleta é a cor que o elemento representa. **A única cor não permitida na paleta é a cor branca.**",
              "fullTitle": "2 - Adicione à página uma paleta de quatro cores distintas. Verifica se a cor de fundo de cada elemento da paleta é a cor que o elemento representa. **A única cor não permitida na paleta é a cor branca.**",
              "timedOut": null,
              "duration": 283,
              "state": "passed",
              "speed": "slow",
              "pass": true,
              "fail": false,
              "pending": false,
              "context": null,
              "code": "cy.get('.color').each(function (color) {\n  cy.wrap(color).should('have.class', 'color').and('not.have.css', 'background-color', WHITE);\n  cy.wrap(color).should('have.css', 'background-color');\n});",
              "err": {},
              "uuid": "94cc10e7-b84a-450f-9bda-a7d236e4879c",
              "parentUUID": "e3dae128-0b1e-43cd-8690-7d5dc8e89f28",
              "isHook": false,
              "skipped": false
            },
            {
              "title": "Verifica se cada elemento da paleta de cores tem uma borda preta, sólida e com 1 pixel de largura;",
              "fullTitle": "2 - Adicione à página uma paleta de quatro cores distintas. Verifica se cada elemento da paleta de cores tem uma borda preta, sólida e com 1 pixel de largura;",
              "timedOut": null,
              "duration": 244,
              "state": "passed",
              "speed": "slow",
              "pass": true,
              "fail": false,
              "pending": false,
              "context": null,
              "code": "cy.get('.color').each(function (color) {\n  cy.wrap(color).and('have.css', 'border', \"1px solid \".concat(BLACK)).and('have.class', 'color');\n});",
              "err": {},
              "uuid": "77ccc055-639a-4388-bbb4-1cec7b2dea05",
              "parentUUID": "e3dae128-0b1e-43cd-8690-7d5dc8e89f28",
              "isHook": false,
              "skipped": false
            },
            {
              "title": "Verifica se a paleta lista todas as cores disponíveis para utilização, lado a lado.",
              "fullTitle": "2 - Adicione à página uma paleta de quatro cores distintas. Verifica se a paleta lista todas as cores disponíveis para utilização, lado a lado.",
              "timedOut": null,
              "duration": 4380,
              "state": "failed",
              "speed": null,
              "pass": false,
              "fail": true,
              "pending": false,
              "context": null,
              "code": "cy.get('.color').then(function (colors) {\n  for (var index = 1; index < colors.length; index += 1) {\n    var currentColor = colors[index];\n    var previousColor = colors[index - 1];\n    cy.wrap(currentColor).should('be.onTheRightOf', previousColor).and('be.horizontallyAlignedWith', previousColor);\n  }\n});",
              "err": {
                "message": "CypressError: Timed out retrying: expected '<div.color>' to be on the right of <div class=\"color\" style=\"background-color: rgb(245, 209, 109);\"></div>",
                "estack": "CypressError: Timed out retrying: expected '<div.color>' to be on the right of <div class=\"color\" style=\"background-color: rgb(245, 209, 109);\"></div>\n    at cypressErr (http://localhost:44799/__cypress/runner/cypress_runner.js:149934:9)\n    at throwErr (http://localhost:44799/__cypress/runner/cypress_runner.js:149867:11)\n    at Object.throwErrByPath (http://localhost:44799/__cypress/runner/cypress_runner.js:149915:3)\n    at retry (http://localhost:44799/__cypress/runner/cypress_runner.js:144197:19)\n    at onFailFn (http://localhost:44799/__cypress/runner/cypress_runner.js:132448:16)\n    at tryCatcher (http://localhost:44799/__cypress/runner/cypress_runner.js:167415:23)\n    at Promise._settlePromiseFromHandler (http://localhost:44799/__cypress/runner/cypress_runner.js:165351:31)\n    at Promise._settlePromise (http://localhost:44799/__cypress/runner/cypress_runner.js:165408:18)\n    at Promise._settlePromise0 (http://localhost:44799/__cypress/runner/cypress_runner.js:165453:10)\n    at Promise._settlePromises (http://localhost:44799/__cypress/runner/cypress_runner.js:165528:18)\n    at Async../node_modules/bluebird/js/release/async.js.Async._drainQueue (http://localhost:44799/__cypress/runner/cypress_runner.js:162140:16)\n    at Async../node_modules/bluebird/js/release/async.js.Async._drainQueues (http://localhost:44799/__cypress/runner/cypress_runner.js:162150:10)\n    at Async.drainQueues (http://localhost:44799/__cypress/runner/cypress_runner.js:162024:14)",
                "diff": null
              },
              "uuid": "a96e880a-5d78-4099-bf42-f1924b18ec42",
              "parentUUID": "e3dae128-0b1e-43cd-8690-7d5dc8e89f28",
              "isHook": false,
              "skipped": false
            },
            {
              "title": "Verifica se a paleta de cores está posicionada abaixo do título 'Paleta de Cores'",
              "fullTitle": "2 - Adicione à página uma paleta de quatro cores distintas. Verifica se a paleta de cores está posicionada abaixo do título 'Paleta de Cores'",
              "timedOut": null,
              "duration": 223,
              "state": "passed",
              "speed": "slow",
              "pass": true,
              "fail": false,
              "pending": false,
              "context": null,
              "code": "cy.get('h1#title').then(function (title) {\n  cy.get('#color-palette').should('be.belowOf', title);\n});",
              "err": {},
              "uuid": "579a8cbf-3842-4b18-95ce-554415f21480",
              "parentUUID": "e3dae128-0b1e-43cd-8690-7d5dc8e89f28",
              "isHook": false,
              "skipped": false
            },
            {
              "title": "Verifica se a paleta de cores não contém cores repetidas.",
              "fullTitle": "2 - Adicione à página uma paleta de quatro cores distintas. Verifica se a paleta de cores não contém cores repetidas.",
              "timedOut": null,
              "duration": 129,
              "state": "passed",
              "speed": "slow",
              "pass": true,
              "fail": false,
              "pending": false,
              "context": null,
              "code": "cy.get('.color').then(function (colors) {\n  var allColors = Array.from(colors).map(function (color) {\n    return Cypress.$(color).css('background-color');\n  });\n  cy.log(allColors);\n  var uniqColors = (0, _toConsumableArray2[\"default\"])(new Set(allColors));\n  cy.log(uniqColors);\n  expect(allColors.length).to.eq(uniqColors.length);\n});",
              "err": {},
              "uuid": "3a7b8cae-fddd-40c8-876d-f4ebf3374d45",
              "parentUUID": "e3dae128-0b1e-43cd-8690-7d5dc8e89f28",
              "isHook": false,
              "skipped": false
            }
          ],
          "suites": [],
          "passes": [
            "e99c2a57-3e3a-44e5-93e2-95a36fd217e6",
            "096d3c47-35c7-4f9d-a76a-5eb9052872a2",
            "94cc10e7-b84a-450f-9bda-a7d236e4879c",
            "77ccc055-639a-4388-bbb4-1cec7b2dea05",
            "579a8cbf-3842-4b18-95ce-554415f21480",
            "3a7b8cae-fddd-40c8-876d-f4ebf3374d45"
          ],
          "failures": [
            "a96e880a-5d78-4099-bf42-f1924b18ec42"
          ],
          "pending": [],
          "skipped": [],
          "duration": 5763,
          "root": false,
          "rootEmpty": false,
          "_timeout": 2000
        },
        {
          "uuid": "cb3faf0a-c3eb-48c8-b424-bda5ce3a407b",
          "title": "3 - Adicione a cor **preta** como a primeira cor da paleta de cores.",
          "fullFile": "",
          "file": "",
          "beforeHooks": [],
          "afterHooks": [],
          "tests": [
            {
              "title": "Verifica se a primeira cor da paleta é preta",
              "fullTitle": "3 - Adicione a cor **preta** como a primeira cor da paleta de cores. Verifica se a primeira cor da paleta é preta",
              "timedOut": null,
              "duration": 4342,
              "state": "failed",
              "speed": null,
              "pass": false,
              "fail": true,
              "pending": false,
              "context": null,
              "code": "cy.get('.color').first().should('have.css', 'background-color', BLACK);",
              "err": {
                "message": "CypressError: Timed out retrying: expected '<div.color>' to have CSS property 'background-color' with the value 'rgb(0, 0, 0)', but the value was 'rgb(204, 98, 83)'",
                "estack": "CypressError: Timed out retrying: expected '<div.color>' to have CSS property 'background-color' with the value 'rgb(0, 0, 0)', but the value was 'rgb(204, 98, 83)'\n    at cypressErr (http://localhost:44799/__cypress/runner/cypress_runner.js:149934:9)\n    at throwErr (http://localhost:44799/__cypress/runner/cypress_runner.js:149867:11)\n    at Object.throwErrByPath (http://localhost:44799/__cypress/runner/cypress_runner.js:149915:3)\n    at retry (http://localhost:44799/__cypress/runner/cypress_runner.js:144197:19)\n    at onFailFn (http://localhost:44799/__cypress/runner/cypress_runner.js:132448:16)\n    at tryCatcher (http://localhost:44799/__cypress/runner/cypress_runner.js:167415:23)\n    at Promise._settlePromiseFromHandler (http://localhost:44799/__cypress/runner/cypress_runner.js:165351:31)\n    at Promise._settlePromise (http://localhost:44799/__cypress/runner/cypress_runner.js:165408:18)\n    at Promise._settlePromise0 (http://localhost:44799/__cypress/runner/cypress_runner.js:165453:10)\n    at Promise._settlePromises (http://localhost:44799/__cypress/runner/cypress_runner.js:165528:18)\n    at Async../node_modules/bluebird/js/release/async.js.Async._drainQueue (http://localhost:44799/__cypress/runner/cypress_runner.js:162140:16)\n    at Async../node_modules/bluebird/js/release/async.js.Async._drainQueues (http://localhost:44799/__cypress/runner/cypress_runner.js:162150:10)\n    at Async.drainQueues (http://localhost:44799/__cypress/runner/cypress_runner.js:162024:14)",
                "diff": null
              },
              "uuid": "ceb3723a-87ce-4015-9900-de2dbe22d61d",
              "parentUUID": "cb3faf0a-c3eb-48c8-b424-bda5ce3a407b",
              "isHook": false,
              "skipped": false
            },
            {
              "title": "Verifica se as demais cores podem ser escolhidas livremente.",
              "fullTitle": "3 - Adicione a cor **preta** como a primeira cor da paleta de cores. Verifica se as demais cores podem ser escolhidas livremente.",
              "timedOut": null,
              "duration": 325,
              "state": "passed",
              "speed": "slow",
              "pass": true,
              "fail": false,
              "pending": false,
              "context": null,
              "code": "cy.get('.color').eq(1).should('not.have.css', 'background-color', BLACK);\ncy.get('.color').eq(1).should('not.have.css', 'background-color', WHITE);\ncy.get('.color').eq(1).should('not.have.css', 'background-color', 'rgba(0, 0, 0, 0)');\ncy.get('.color').eq(1).should('have.css', 'background-color');\ncy.get('.color').eq(2).should('not.have.css', 'background-color', BLACK);\ncy.get('.color').eq(2).should('not.have.css', 'background-color', WHITE);\ncy.get('.color').eq(2).should('not.have.css', 'background-color', 'rgba(0, 0, 0, 0)');\ncy.get('.color').eq(2).should('have.css', 'background-color');\ncy.get('.color').eq(3).should('not.have.css', 'background-color', BLACK);\ncy.get('.color').eq(3).should('not.have.css', 'background-color', WHITE);\ncy.get('.color').eq(3).should('not.have.css', 'background-color', 'rgba(0, 0, 0, 0)');\ncy.get('.color').eq(3).should('have.css', 'background-color');",
              "err": {},
              "uuid": "f26c2179-2610-41aa-84d9-9b49a8582268",
              "parentUUID": "cb3faf0a-c3eb-48c8-b424-bda5ce3a407b",
              "isHook": false,
              "skipped": false
            }
          ],
          "suites": [],
          "passes": [
            "f26c2179-2610-41aa-84d9-9b49a8582268"
          ],
          "failures": [
            "ceb3723a-87ce-4015-9900-de2dbe22d61d"
          ],
          "pending": [],
          "skipped": [],
          "duration": 4667,
          "root": false,
          "rootEmpty": false,
          "_timeout": 2000
        },
        {
          "uuid": "aee18d77-1b4d-4afd-8a89-4811e3375e9a",
          "title": "4 - Adicione à página um quadro de pixels, com 25 pixels.",
          "fullFile": "",
          "file": "",
          "beforeHooks": [],
          "afterHooks": [],
          "tests": [
            {
              "title": "Verifica se o quadro de pixels possui o `id` denominado `pixel-board`",
              "fullTitle": "4 - Adicione à página um quadro de pixels, com 25 pixels. Verifica se o quadro de pixels possui o `id` denominado `pixel-board`",
              "timedOut": null,
              "duration": 4372,
              "state": "failed",
              "speed": null,
              "pass": false,
              "fail": true,
              "pending": false,
              "context": null,
              "code": "cy.get('#pixel-board').should('be.visible');",
              "err": {
                "message": "CypressError: Timed out retrying: Expected to find element: '#pixel-board', but never found it.",
                "estack": "CypressError: Timed out retrying: Expected to find element: '#pixel-board', but never found it.\n    at cypressErr (http://localhost:44799/__cypress/runner/cypress_runner.js:149934:9)\n    at throwErr (http://localhost:44799/__cypress/runner/cypress_runner.js:149867:11)\n    at Object.throwErrByPath (http://localhost:44799/__cypress/runner/cypress_runner.js:149915:3)\n    at retry (http://localhost:44799/__cypress/runner/cypress_runner.js:144197:19)\n    at onFailFn (http://localhost:44799/__cypress/runner/cypress_runner.js:132448:16)\n    at tryCatcher (http://localhost:44799/__cypress/runner/cypress_runner.js:167415:23)\n    at Promise._settlePromiseFromHandler (http://localhost:44799/__cypress/runner/cypress_runner.js:165351:31)\n    at Promise._settlePromise (http://localhost:44799/__cypress/runner/cypress_runner.js:165408:18)\n    at Promise._settlePromise0 (http://localhost:44799/__cypress/runner/cypress_runner.js:165453:10)\n    at Promise._settlePromises (http://localhost:44799/__cypress/runner/cypress_runner.js:165528:18)\n    at Async../node_modules/bluebird/js/release/async.js.Async._drainQueue (http://localhost:44799/__cypress/runner/cypress_runner.js:162140:16)\n    at Async../node_modules/bluebird/js/release/async.js.Async._drainQueues (http://localhost:44799/__cypress/runner/cypress_runner.js:162150:10)\n    at Async.drainQueues (http://localhost:44799/__cypress/runner/cypress_runner.js:162024:14)",
                "diff": null
              },
              "uuid": "ee75b75d-42ab-41fd-b06f-7386c3b432f4",
              "parentUUID": "aee18d77-1b4d-4afd-8a89-4811e3375e9a",
              "isHook": false,
              "skipped": false
            },
            {
              "title": "Verifica se cada pixel individual dentro do quadro possui a `classe` denominada `pixel`.",
              "fullTitle": "4 - Adicione à página um quadro de pixels, com 25 pixels. Verifica se cada pixel individual dentro do quadro possui a `classe` denominada `pixel`.",
              "timedOut": null,
              "duration": 4416,
              "state": "failed",
              "speed": null,
              "pass": false,
              "fail": true,
              "pending": false,
              "context": null,
              "code": "cy.get('.pixel').should('have.length', 25);",
              "err": {
                "message": "CypressError: Timed out retrying: Expected to find element: '.pixel', but never found it.",
                "estack": "CypressError: Timed out retrying: Expected to find element: '.pixel', but never found it.\n    at cypressErr (http://localhost:44799/__cypress/runner/cypress_runner.js:149934:9)\n    at throwErr (http://localhost:44799/__cypress/runner/cypress_runner.js:149867:11)\n    at Object.throwErrByPath (http://localhost:44799/__cypress/runner/cypress_runner.js:149915:3)\n    at retry (http://localhost:44799/__cypress/runner/cypress_runner.js:144197:19)\n    at onFailFn (http://localhost:44799/__cypress/runner/cypress_runner.js:132448:16)\n    at tryCatcher (http://localhost:44799/__cypress/runner/cypress_runner.js:167415:23)\n    at Promise._settlePromiseFromHandler (http://localhost:44799/__cypress/runner/cypress_runner.js:165351:31)\n    at Promise._settlePromise (http://localhost:44799/__cypress/runner/cypress_runner.js:165408:18)\n    at Promise._settlePromise0 (http://localhost:44799/__cypress/runner/cypress_runner.js:165453:10)\n    at Promise._settlePromises (http://localhost:44799/__cypress/runner/cypress_runner.js:165528:18)\n    at Async../node_modules/bluebird/js/release/async.js.Async._drainQueue (http://localhost:44799/__cypress/runner/cypress_runner.js:162140:16)\n    at Async../node_modules/bluebird/js/release/async.js.Async._drainQueues (http://localhost:44799/__cypress/runner/cypress_runner.js:162150:10)\n    at Async.drainQueues (http://localhost:44799/__cypress/runner/cypress_runner.js:162024:14)",
                "diff": null
              },
              "uuid": "24f28d62-be5d-4795-a7d0-e7232012c3d4",
              "parentUUID": "aee18d77-1b4d-4afd-8a89-4811e3375e9a",
              "isHook": false,
              "skipped": false
            },
            {
              "title": "Verifica se a cor inicial dos pixels dentro do quadro, ao abrir a página, é branca.",
              "fullTitle": "4 - Adicione à página um quadro de pixels, com 25 pixels. Verifica se a cor inicial dos pixels dentro do quadro, ao abrir a página, é branca.",
              "timedOut": null,
              "duration": 4396,
              "state": "failed",
              "speed": null,
              "pass": false,
              "fail": true,
              "pending": false,
              "context": null,
              "code": "cy.get('.pixel').should('have.length', 25).each(function (pixel) {\n  expect(pixel).to.have.css('background-color', WHITE);\n});",
              "err": {
                "message": "CypressError: Timed out retrying: Expected to find element: '.pixel', but never found it.",
                "estack": "CypressError: Timed out retrying: Expected to find element: '.pixel', but never found it.\n    at cypressErr (http://localhost:44799/__cypress/runner/cypress_runner.js:149934:9)\n    at throwErr (http://localhost:44799/__cypress/runner/cypress_runner.js:149867:11)\n    at Object.throwErrByPath (http://localhost:44799/__cypress/runner/cypress_runner.js:149915:3)\n    at retry (http://localhost:44799/__cypress/runner/cypress_runner.js:144197:19)\n    at onFailFn (http://localhost:44799/__cypress/runner/cypress_runner.js:132448:16)\n    at tryCatcher (http://localhost:44799/__cypress/runner/cypress_runner.js:167415:23)\n    at Promise._settlePromiseFromHandler (http://localhost:44799/__cypress/runner/cypress_runner.js:165351:31)\n    at Promise._settlePromise (http://localhost:44799/__cypress/runner/cypress_runner.js:165408:18)\n    at Promise._settlePromise0 (http://localhost:44799/__cypress/runner/cypress_runner.js:165453:10)\n    at Promise._settlePromises (http://localhost:44799/__cypress/runner/cypress_runner.js:165528:18)\n    at Async../node_modules/bluebird/js/release/async.js.Async._drainQueue (http://localhost:44799/__cypress/runner/cypress_runner.js:162140:16)\n    at Async../node_modules/bluebird/js/release/async.js.Async._drainQueues (http://localhost:44799/__cypress/runner/cypress_runner.js:162150:10)\n    at Async.drainQueues (http://localhost:44799/__cypress/runner/cypress_runner.js:162024:14)",
                "diff": null
              },
              "uuid": "fc2f9dc7-64a1-4d1c-ba31-7d4679e43ad6",
              "parentUUID": "aee18d77-1b4d-4afd-8a89-4811e3375e9a",
              "isHook": false,
              "skipped": false
            },
            {
              "title": "Verifica se o quadro de pixels aparece abaixo da paleta de cores",
              "fullTitle": "4 - Adicione à página um quadro de pixels, com 25 pixels. Verifica se o quadro de pixels aparece abaixo da paleta de cores",
              "timedOut": null,
              "duration": 4459,
              "state": "failed",
              "speed": null,
              "pass": false,
              "fail": true,
              "pending": false,
              "context": null,
              "code": "cy.get('#color-palette').then(function (palette) {\n  cy.get('#pixel-board').should('be.belowOf', palette);\n});",
              "err": {
                "message": "CypressError: Timed out retrying: Expected to find element: '#pixel-board', but never found it.",
                "estack": "CypressError: Timed out retrying: Expected to find element: '#pixel-board', but never found it.\n    at cypressErr (http://localhost:44799/__cypress/runner/cypress_runner.js:149934:9)\n    at throwErr (http://localhost:44799/__cypress/runner/cypress_runner.js:149867:11)\n    at Object.throwErrByPath (http://localhost:44799/__cypress/runner/cypress_runner.js:149915:3)\n    at retry (http://localhost:44799/__cypress/runner/cypress_runner.js:144197:19)\n    at onFailFn (http://localhost:44799/__cypress/runner/cypress_runner.js:132448:16)\n    at tryCatcher (http://localhost:44799/__cypress/runner/cypress_runner.js:167415:23)\n    at Promise._settlePromiseFromHandler (http://localhost:44799/__cypress/runner/cypress_runner.js:165351:31)\n    at Promise._settlePromise (http://localhost:44799/__cypress/runner/cypress_runner.js:165408:18)\n    at Promise._settlePromise0 (http://localhost:44799/__cypress/runner/cypress_runner.js:165453:10)\n    at Promise._settlePromises (http://localhost:44799/__cypress/runner/cypress_runner.js:165528:18)\n    at Async../node_modules/bluebird/js/release/async.js.Async._drainQueue (http://localhost:44799/__cypress/runner/cypress_runner.js:162140:16)\n    at Async../node_modules/bluebird/js/release/async.js.Async._drainQueues (http://localhost:44799/__cypress/runner/cypress_runner.js:162150:10)\n    at Async.drainQueues (http://localhost:44799/__cypress/runner/cypress_runner.js:162024:14)",
                "diff": null
              },
              "uuid": "9216a38d-686d-4cfa-9e31-a7f544e27b25",
              "parentUUID": "aee18d77-1b4d-4afd-8a89-4811e3375e9a",
              "isHook": false,
              "skipped": false
            }
          ],
          "suites": [],
          "passes": [],
          "failures": [
            "ee75b75d-42ab-41fd-b06f-7386c3b432f4",
            "24f28d62-be5d-4795-a7d0-e7232012c3d4",
            "fc2f9dc7-64a1-4d1c-ba31-7d4679e43ad6",
            "9216a38d-686d-4cfa-9e31-a7f544e27b25"
          ],
          "pending": [],
          "skipped": [],
          "duration": 17643,
          "root": false,
          "rootEmpty": false,
          "_timeout": 2000
        },
        {
          "uuid": "cd471327-a79a-4e33-bb02-1c91204e5617",
          "title": "5 - Faça com que cada elemento do quadro de pixels possua 40 pixels de largura, 40 pixels de altura e seja delimitado por uma borda preta de 1 pixel.",
          "fullFile": "",
          "file": "",
          "beforeHooks": [],
          "afterHooks": [],
          "tests": [
            {
              "title": "Verifica se o quadro de pixels tem altura e comprimento de 5 elementos",
              "fullTitle": "5 - Faça com que cada elemento do quadro de pixels possua 40 pixels de largura, 40 pixels de altura e seja delimitado por uma borda preta de 1 pixel. Verifica se o quadro de pixels tem altura e comprimento de 5 elementos",
              "timedOut": null,
              "duration": 4489,
              "state": "failed",
              "speed": null,
              "pass": false,
              "fail": true,
              "pending": false,
              "context": null,
              "code": "cy.get('.pixel').should('have.length', 25).each(function (pixel) {\n  expect(pixel).to.have.css('background-color', WHITE);\n}).and(function (pixels) {\n  var rows = chunk(pixels, 5);\n  rows.forEach(function (row) {\n    for (var index = 1; index < row.length; index += 1) {\n      var current = pixels[index];\n      var previous = pixels[index - 1];\n      cy.wrap(current).should('be.onTheRightOf', previous).and('be.horizontallyAlignedWith', previous);\n    }\n  });\n  for (var index = 1; index < 5; index += 1) {\n    expect(pixels[index * 5]).to.be.belowOf(pixels[(index - 1) * 5]);\n  }\n});",
              "err": {
                "message": "CypressError: Timed out retrying: Expected to find element: '.pixel', but never found it.",
                "estack": "CypressError: Timed out retrying: Expected to find element: '.pixel', but never found it.\n    at cypressErr (http://localhost:44799/__cypress/runner/cypress_runner.js:149934:9)\n    at throwErr (http://localhost:44799/__cypress/runner/cypress_runner.js:149867:11)\n    at Object.throwErrByPath (http://localhost:44799/__cypress/runner/cypress_runner.js:149915:3)\n    at retry (http://localhost:44799/__cypress/runner/cypress_runner.js:144197:19)\n    at onFailFn (http://localhost:44799/__cypress/runner/cypress_runner.js:132448:16)\n    at tryCatcher (http://localhost:44799/__cypress/runner/cypress_runner.js:167415:23)\n    at Promise._settlePromiseFromHandler (http://localhost:44799/__cypress/runner/cypress_runner.js:165351:31)\n    at Promise._settlePromise (http://localhost:44799/__cypress/runner/cypress_runner.js:165408:18)\n    at Promise._settlePromise0 (http://localhost:44799/__cypress/runner/cypress_runner.js:165453:10)\n    at Promise._settlePromises (http://localhost:44799/__cypress/runner/cypress_runner.js:165528:18)\n    at Async../node_modules/bluebird/js/release/async.js.Async._drainQueue (http://localhost:44799/__cypress/runner/cypress_runner.js:162140:16)\n    at Async../node_modules/bluebird/js/release/async.js.Async._drainQueues (http://localhost:44799/__cypress/runner/cypress_runner.js:162150:10)\n    at Async.drainQueues (http://localhost:44799/__cypress/runner/cypress_runner.js:162024:14)",
                "diff": null
              },
              "uuid": "c646a839-f388-42d7-8d8d-a471e554456f",
              "parentUUID": "cd471327-a79a-4e33-bb02-1c91204e5617",
              "isHook": false,
              "skipped": false
            },
            {
              "title": "Verifica se 40 pixels é o tamanho total do elemento, incluindo seu conteúdo e excluindo a borda preta, que deve ser criada à parte.",
              "fullTitle": "5 - Faça com que cada elemento do quadro de pixels possua 40 pixels de largura, 40 pixels de altura e seja delimitado por uma borda preta de 1 pixel. Verifica se 40 pixels é o tamanho total do elemento, incluindo seu conteúdo e excluindo a borda preta, que deve ser criada à parte.",
              "timedOut": null,
              "duration": 4427,
              "state": "failed",
              "speed": null,
              "pass": false,
              "fail": true,
              "pending": false,
              "context": null,
              "code": "cy.get('.pixel').each(function (pixel) {\n  cy.wrap(pixel).should('have.css', 'height', '40px').and('have.css', 'width', '40px').and('have.css', 'border', \"1px solid \".concat(BLACK));\n});",
              "err": {
                "message": "CypressError: Timed out retrying: Expected to find element: '.pixel', but never found it.",
                "estack": "CypressError: Timed out retrying: Expected to find element: '.pixel', but never found it.\n    at cypressErr (http://localhost:44799/__cypress/runner/cypress_runner.js:149934:9)\n    at throwErr (http://localhost:44799/__cypress/runner/cypress_runner.js:149867:11)\n    at Object.throwErrByPath (http://localhost:44799/__cypress/runner/cypress_runner.js:149915:3)\n    at retry (http://localhost:44799/__cypress/runner/cypress_runner.js:144197:19)\n    at onFailFn (http://localhost:44799/__cypress/runner/cypress_runner.js:132448:16)\n    at tryCatcher (http://localhost:44799/__cypress/runner/cypress_runner.js:167415:23)\n    at Promise._settlePromiseFromHandler (http://localhost:44799/__cypress/runner/cypress_runner.js:165351:31)\n    at Promise._settlePromise (http://localhost:44799/__cypress/runner/cypress_runner.js:165408:18)\n    at Promise._settlePromise0 (http://localhost:44799/__cypress/runner/cypress_runner.js:165453:10)\n    at Promise._settlePromises (http://localhost:44799/__cypress/runner/cypress_runner.js:165528:18)\n    at Async../node_modules/bluebird/js/release/async.js.Async._drainQueue (http://localhost:44799/__cypress/runner/cypress_runner.js:162140:16)\n    at Async../node_modules/bluebird/js/release/async.js.Async._drainQueues (http://localhost:44799/__cypress/runner/cypress_runner.js:162150:10)\n    at Async.drainQueues (http://localhost:44799/__cypress/runner/cypress_runner.js:162024:14)",
                "diff": null
              },
              "uuid": "7af99715-58f9-4827-a727-277eb71a26bc",
              "parentUUID": "cd471327-a79a-4e33-bb02-1c91204e5617",
              "isHook": false,
              "skipped": false
            }
          ],
          "suites": [],
          "passes": [],
          "failures": [
            "c646a839-f388-42d7-8d8d-a471e554456f",
            "7af99715-58f9-4827-a727-277eb71a26bc"
          ],
          "pending": [],
          "skipped": [],
          "duration": 8916,
          "root": false,
          "rootEmpty": false,
          "_timeout": 2000
        },
        {
          "uuid": "cce33497-fc9b-489d-b6df-3edb140d8af2",
          "title": "6 - Defina a cor preta como cor inicial. Ao carregar a página a cor preta já deve estar selecionada para pintar os pixels",
          "fullFile": "",
          "file": "",
          "beforeHooks": [],
          "afterHooks": [],
          "tests": [
            {
              "title": "Verifica se o elemento da cor preta possui, inicialmente, a `classe` `selected`",
              "fullTitle": "6 - Defina a cor preta como cor inicial. Ao carregar a página a cor preta já deve estar selecionada para pintar os pixels Verifica se o elemento da cor preta possui, inicialmente, a `classe` `selected`",
              "timedOut": null,
              "duration": 4471,
              "state": "failed",
              "speed": null,
              "pass": false,
              "fail": true,
              "pending": false,
              "context": null,
              "code": "cy.get('.selected').first().should('have.css', 'background-color', BLACK);",
              "err": {
                "message": "CypressError: Timed out retrying: Expected to find element: '.selected', but never found it.",
                "estack": "CypressError: Timed out retrying: Expected to find element: '.selected', but never found it.\n    at cypressErr (http://localhost:44799/__cypress/runner/cypress_runner.js:149934:9)\n    at throwErr (http://localhost:44799/__cypress/runner/cypress_runner.js:149867:11)\n    at Object.throwErrByPath (http://localhost:44799/__cypress/runner/cypress_runner.js:149915:3)\n    at retry (http://localhost:44799/__cypress/runner/cypress_runner.js:144197:19)\n    at onFailFn (http://localhost:44799/__cypress/runner/cypress_runner.js:132448:16)\n    at tryCatcher (http://localhost:44799/__cypress/runner/cypress_runner.js:167415:23)\n    at Promise._settlePromiseFromHandler (http://localhost:44799/__cypress/runner/cypress_runner.js:165351:31)\n    at Promise._settlePromise (http://localhost:44799/__cypress/runner/cypress_runner.js:165408:18)\n    at Promise._settlePromise0 (http://localhost:44799/__cypress/runner/cypress_runner.js:165453:10)\n    at Promise._settlePromises (http://localhost:44799/__cypress/runner/cypress_runner.js:165528:18)\n    at Async../node_modules/bluebird/js/release/async.js.Async._drainQueue (http://localhost:44799/__cypress/runner/cypress_runner.js:162140:16)\n    at Async../node_modules/bluebird/js/release/async.js.Async._drainQueues (http://localhost:44799/__cypress/runner/cypress_runner.js:162150:10)\n    at Async.drainQueues (http://localhost:44799/__cypress/runner/cypress_runner.js:162024:14)",
                "diff": null
              },
              "uuid": "adb16b78-b61b-4760-919b-3e7fdf72bea8",
              "parentUUID": "cce33497-fc9b-489d-b6df-3edb140d8af2",
              "isHook": false,
              "skipped": false
            },
            {
              "title": "Verifica se nenhuma outra cor da paleta tem a `classe` `selected`",
              "fullTitle": "6 - Defina a cor preta como cor inicial. Ao carregar a página a cor preta já deve estar selecionada para pintar os pixels Verifica se nenhuma outra cor da paleta tem a `classe` `selected`",
              "timedOut": null,
              "duration": 231,
              "state": "passed",
              "speed": "slow",
              "pass": true,
              "fail": false,
              "pending": false,
              "context": null,
              "code": "cy.get('.color:not(:first-child)').each(function (color) {\n  cy.wrap(color).should('not.have.class', 'selected');\n});",
              "err": {},
              "uuid": "0ad24eff-f627-48c2-885d-43227f73eee2",
              "parentUUID": "cce33497-fc9b-489d-b6df-3edb140d8af2",
              "isHook": false,
              "skipped": false
            }
          ],
          "suites": [],
          "passes": [
            "0ad24eff-f627-48c2-885d-43227f73eee2"
          ],
          "failures": [
            "adb16b78-b61b-4760-919b-3e7fdf72bea8"
          ],
          "pending": [],
          "skipped": [],
          "duration": 4702,
          "root": false,
          "rootEmpty": false,
          "_timeout": 2000
        },
        {
          "uuid": "1a39490a-9b95-4da1-8ff1-91745dd1af6c",
          "title": "7 - Clicar em uma das cores da paleta, faz com que ela seja selecionada e utilizada para preencher os pixels no quadro.",
          "fullFile": "",
          "file": "",
          "beforeHooks": [],
          "afterHooks": [],
          "tests": [
            {
              "title": "Verifica se somente uma cor da paleta de cores tem a classe `selected` de cada vez",
              "fullTitle": "7 - Clicar em uma das cores da paleta, faz com que ela seja selecionada e utilizada para preencher os pixels no quadro. Verifica se somente uma cor da paleta de cores tem a classe `selected` de cada vez",
              "timedOut": null,
              "duration": 495,
              "state": "failed",
              "speed": null,
              "pass": false,
              "fail": true,
              "pending": false,
              "context": null,
              "code": "cy.get('.color').each(function (selectedColor, selectedColorIndex) {\n  cy.wrap(selectedColor).click();\n  cy.get('.color').each(function (color, colorIndex) {\n    if (colorIndex === selectedColorIndex) {\n      expect(color).to.have[\"class\"]('selected');\n    } else {\n      expect(color).not.to.have[\"class\"]('selected');\n    }\n  });\n});",
              "err": {
                "message": "AssertionError: expected '<div.color>' to have class 'selected'",
                "estack": "AssertionError: expected '<div.color>' to have class 'selected'\n    at callback (http://localhost:44799/__cypress/runner/cypress_runner.js:136947:20)\n    at getRet (http://localhost:44799/__cypress/runner/cypress_runner.js:136585:16)\n    at tryCatcher (http://localhost:44799/__cypress/runner/cypress_runner.js:167415:23)\n    at Function.Promise.attempt.Promise.try (http://localhost:44799/__cypress/runner/cypress_runner.js:164690:29)\n    at thenFn (http://localhost:44799/__cypress/runner/cypress_runner.js:136599:23)\n    at yieldItem (http://localhost:44799/__cypress/runner/cypress_runner.js:136954:16)\n    at tryCatcher (http://localhost:44799/__cypress/runner/cypress_runner.js:167415:23)\n    at Object.gotValue (http://localhost:44799/__cypress/runner/cypress_runner.js:166557:18)\n    at Object.gotAccum (http://localhost:44799/__cypress/runner/cypress_runner.js:166546:25)\n    at Object.tryCatcher (http://localhost:44799/__cypress/runner/cypress_runner.js:167415:23)\n    at Promise._settlePromiseFromHandler (http://localhost:44799/__cypress/runner/cypress_runner.js:165351:31)\n    at Promise._settlePromise (http://localhost:44799/__cypress/runner/cypress_runner.js:165408:18)\n    at Promise._settlePromiseCtx (http://localhost:44799/__cypress/runner/cypress_runner.js:165445:10)\n    at Async../node_modules/bluebird/js/release/async.js.Async._drainQueue (http://localhost:44799/__cypress/runner/cypress_runner.js:162145:12)\n    at Async../node_modules/bluebird/js/release/async.js.Async._drainQueues (http://localhost:44799/__cypress/runner/cypress_runner.js:162150:10)\n    at Async.drainQueues (http://localhost:44799/__cypress/runner/cypress_runner.js:162024:14)",
                "diff": "- { '0': <div class=\"color\" style=\"background-color: rgb(204, 98, 83);\"></div>,\n-   length: 1,\n-   jquery: '3.1.1',\n-   constructor: \n-    { [Function: jQuery]\n-      fn: \n-       { jquery: '3.1.1',\n-         constructor: [Circular],\n-         length: 0,\n-         toArray: [Function: toArray],\n-         get: [Function: get],\n-         pushStack: [Function: pushStack],\n-         each: [Function: each],\n-         map: [Function: map],\n-         slice: [Function: slice],\n-         first: [Function: first],\n-         last: [Function: last],\n-         eq: [Function: eq],\n-         end: [Function: end],\n-         push: [Function: push],\n-         sort: [Function: sort],\n-         splice: [Function: splice],\n-         extend: [Function],\n-         find: [Function: find],\n-         filter: [Function: filter],\n-         not: [Function: not],\n-         is: [Function: is],\n-         init: [Function],\n-         has: [Function: has],\n-         closest: [Function: closest],\n-         index: [Function: index],\n-         add: [Function: add],\n-         addBack: [Function: addBack],\n-         parent: [Function],\n-         parents: [Function],\n-         parentsUntil: [Function],\n-         next: [Function],\n-         prev: [Function],\n-         nextAll: [Function],\n-         prevAll: [Function],\n-         nextUntil: [Function],\n-         prevUntil: [Function],\n-         siblings: [Function],\n-         children: [Function],\n-         contents: [Function],\n-         ready: [Function],\n-         data: [Function: data],\n-         removeData: [Function: removeData],\n-         queue: [Function: queue],\n-         dequeue: [Function: dequeue],\n-         clearQueue: [Function: clearQueue],\n-         promise: [Function: promise],\n-         show: [Function],\n-         hide: [Function],\n-         toggle: [Function],\n-         on: [Function: on],\n-         one: [Function: one],\n-         off: [Function: off],\n-         detach: [Function: detach],\n-         remove: [Function: remove],\n-         text: [Function: text],\n-         append: [Function: append],\n-         prepend: [Function: prepend],\n-         before: [Function: before],\n-         after: [Function: after],\n-         empty: [Function: empty],\n-         clone: [Function: clone],\n-         html: [Function: html],\n-         replaceWith: [Function: replaceWith],\n-         appendTo: [Function],\n-         prependTo: [Function],\n-         insertBefore: [Function],\n-         insertAfter: [Function],\n-         replaceAll: [Function],\n-         css: [Function: css],\n-         fadeTo: [Function: fadeTo],\n-         animate: [Function: animate],\n-         stop: [Function: stop],\n-         finish: [Function: finish],\n-         slideDown: [Function],\n-         slideUp: [Function],\n-         slideToggle: [Function],\n-         fadeIn: [Function],\n-         fadeOut: [Function],\n-         fadeToggle: [Function],\n-         delay: [Function],\n-         attr: [Function: attr],\n-         removeAttr: [Function: removeAttr],\n-         prop: [Function: prop],\n-         removeProp: [Function: removeProp],\n-         addClass: [Function: addClass],\n-         removeClass: [Function: removeClass],\n-         toggleClass: [Function: toggleClass],\n-         hasClass: [Function: hasClass],\n-         val: [Function: val],\n-         trigger: [Function: trigger],\n-         triggerHandler: [Function: triggerHandler],\n-         blur: [Function],\n-         focus: [Function],\n-         focusin: [Function],\n-         focusout: [Function],\n-         resize: [Function],\n-         scroll: [Function],\n-         click: [Function],\n-         dblclick: [Function],\n-         mousedown: [Function],\n-         mouseup: [Function],\n-         mousemove: [Function],\n-         mouseover: [Function],\n-         mouseout: [Function],\n-         mouseenter: [Function],\n-         mouseleave: [Function],\n-         change: [Function],\n-         select: [Function],\n-         submit: [Function],\n-         keydown: [Function],\n-         keypress: [Function],\n-         keyup: [Function],\n-         contextmenu: [Function],\n-         hover: [Function: hover],\n-         serialize: [Function: serialize],\n-         serializeArray: [Function: serializeArray],\n-         wrapAll: [Function: wrapAll],\n-         wrapInner: [Function: wrapInner],\n-         wrap: [Function: wrap],\n-         unwrap: [Function: unwrap],\n-         load: [Function],\n-         ajaxStart: [Function],\n-         ajaxStop: [Function],\n-         ajaxComplete: [Function],\n-         ajaxError: [Function],\n-         ajaxSuccess: [Function],\n-         ajaxSend: [Function],\n-         offset: [Function: offset],\n-         position: [Function: position],\n-         offsetParent: [Function: offsetParent],\n-         scrollLeft: [Function],\n-         scrollTop: [Function],\n-         innerHeight: [Function],\n-         height: [Function],\n-         outerHeight: [Function],\n-         innerWidth: [Function],\n-         width: [Function],\n-         outerWidth: [Function],\n-         bind: [Function: bind],\n-         unbind: [Function: unbind],\n-         delegate: [Function: delegate],\n-         undelegate: [Function: undelegate],\n-         scrollTo: [Function] },\n-      extend: [Function],\n-      expando: 'jQuery3110630239817420019',\n-      isReady: true,\n-      error: [Function: error],\n-      noop: [Function: noop],\n-      isFunction: [Function: isFunction],\n-      isArray: [Function: isArray],\n-      isWindow: [Function: isWindow],\n-      isNumeric: [Function: isNumeric],\n-      isPlainObject: [Function: isPlainObject],\n-      isEmptyObject: [Function: isEmptyObject],\n-      type: [Function: type],\n-      globalEval: [Function: globalEval],\n-      camelCase: [Function: camelCase],\n-      nodeName: [Function: nodeName],\n-      each: [Function: each],\n-      trim: [Function: trim],\n-      makeArray: [Function: makeArray],\n-      inArray: [Function: inArray],\n-      merge: [Function: merge],\n-      grep: [Function: grep],\n-      map: [Function: map],\n-      guid: 7,\n-      proxy: [Function: proxy],\n-      now: [Function: now],\n-      support: \n-       { checkClone: true,\n-         noCloneChecked: true,\n-         clearCloneStyle: true,\n-         pixelPosition: [Function: pixelPosition],\n-         boxSizingReliable: [Function: boxSizingReliable],\n-         pixelMarginRight: [Function: pixelMarginRight],\n-         reliableMarginLeft: [Function: reliableMarginLeft],\n-         checkOn: true,\n-         optSelected: true,\n-         radioValue: true,\n-         focusin: false,\n-         cors: true,\n-         ajax: true,\n-         createHTMLDocument: true },\n-      find: \n-       { [Function: Sizzle]\n-         support: [Object],\n-         isXML: [Function],\n-         setDocument: [Function],\n-         matches: [Function],\n-         matchesSelector: [Function],\n-         contains: [Function],\n-         attr: [Function],\n-         escape: [Function],\n-         error: [Function],\n-         uniqueSort: [Function],\n-         getText: [Function],\n-         selectors: [Object],\n-         tokenize: [Function],\n-         compile: [Function],\n-         select: [Function] },\n-      expr: \n-       { cacheLength: 1,\n-         createPseudo: [Function: markFunction],\n-         match: [Object],\n-         attrHandle: [Object],\n-         find: [Object],\n-         relative: [Object],\n-         preFilter: [Object],\n-         filter: [Object],\n-         pseudos: [Object],\n-         filters: [Object],\n-         setFilters: [Object],\n-         ':': [Object] },\n-      unique: [Function],\n-      uniqueSort: [Function],\n-      text: [Function],\n-      isXMLDoc: [Function],\n-      contains: [Function],\n-      escapeSelector: [Function],\n-      filter: [Function],\n-      Callbacks: [Function],\n-      Deferred: { [Function: Deferred] exceptionHook: [Function] },\n-      when: [Function: when],\n-      readyException: [Function],\n-      readyWait: 0,\n-      holdReady: [Function: holdReady],\n-      ready: { [Function: ready] then: [Function: then] },\n-      hasData: [Function: hasData],\n-      data: [Function: data],\n-      removeData: [Function: removeData],\n-      _data: [Function: _data],\n-      _removeData: [Function: _removeData],\n-      queue: [Function: queue],\n-      dequeue: [Function: dequeue],\n-      _queueHooks: [Function: _queueHooks],\n-      event: \n-       { global: [Object],\n-         add: [Function: add],\n-         remove: [Function: remove],\n-         dispatch: [Function: dispatch],\n-         handlers: [Function: handlers],\n-         addProp: [Function: addProp],\n-         fix: [Function: fix],\n-         special: [Object],\n-         trigger: [Function: trigger],\n-         simulate: [Function: simulate] },\n-      removeEvent: [Function],\n-      Event: [Function],\n-      htmlPrefilter: [Function: htmlPrefilter],\n-      clone: [Function: clone],\n-      cleanData: [Function: cleanData],\n-      cssHooks: \n-       { opacity: [Object],\n-         height: [Object],\n-         width: [Object],\n-         marginLeft: [Object],\n-         margin: [Object],\n-         padding: [Object],\n-         borderWidth: [Object],\n-         top: [Object],\n-         left: [Object] },\n-      cssNumber: \n-       { animationIterationCount: true,\n-         columnCount: true,\n-         fillOpacity: true,\n-         flexGrow: true,\n-         flexShrink: true,\n-         fontWeight: true,\n-         lineHeight: true,\n-         opacity: true,\n-         order: true,\n-         orphans: true,\n-         widows: true,\n-         zIndex: true,\n-         zoom: true },\n-      cssProps: \n-       { float: 'cssFloat',\n-         width: 'width',\n-         display: 'display',\n-         boxSizing: 'boxSizing',\n-         height: 'height',\n-         overflow: 'overflow',\n-         overflowY: 'overflowY',\n-         overflowX: 'overflowX',\n-         visibility: 'visibility',\n-         position: 'position',\n-         backgroundColor: 'backgroundColor',\n-         border: 'border',\n-         paddingRight: 'paddingRight',\n-         borderRightWidth: 'borderRightWidth',\n-         paddingLeft: 'paddingLeft',\n-         borderLeftWidth: 'borderLeftWidth',\n-         paddingTop: 'paddingTop',\n-         borderTopWidth: 'borderTopWidth',\n-         paddingBottom: 'paddingBottom',\n-         borderBottomWidth: 'borderBottomWidth' },\n-      style: [Function: style],\n-      css: [Function: css],\n-      Tween: { [Function: Tween] propHooks: [Object] },\n-      easing: \n-       { linear: [Function: linear],\n-         swing: [Function: swing],\n-         _default: 'swing' },\n-      fx: \n-       { [Function: init]\n-         step: {},\n-         tick: [Function],\n-         timer: [Function],\n-         interval: 13,\n-         start: [Function],\n-         stop: [Function],\n-         speeds: [Object] },\n-      Animation: \n-       { [Function: Animation]\n-         tweeners: [Object],\n-         tweener: [Function: tweener],\n-         prefilters: [Object],\n-         prefilter: [Function: prefilter] },\n-      speed: [Function],\n-      timers: [],\n-      attr: [Function: attr],\n-      attrHooks: { type: [Object] },\n-      removeAttr: [Function: removeAttr],\n-      prop: [Function: prop],\n-      propHooks: { tabIndex: [Object] },\n-      propFix: \n-       { for: 'htmlFor',\n-         class: 'className',\n-         tabindex: 'tabIndex',\n-         readonly: 'readOnly',\n-         maxlength: 'maxLength',\n-         cellspacing: 'cellSpacing',\n-         cellpadding: 'cellPadding',\n-         rowspan: 'rowSpan',\n-         colspan: 'colSpan',\n-         usemap: 'useMap',\n-         frameborder: 'frameBorder',\n-         contenteditable: 'contentEditable' },\n-      valHooks: \n-       { option: [Object],\n-         select: [Object],\n-         radio: [Object],\n-         checkbox: [Object] },\n-      parseXML: [Function],\n-      param: [Function],\n-      active: 0,\n-      lastModified: {},\n-      etag: {},\n-      ajaxSettings: \n-       { url: 'http://localhost:44799/__/#/tests/integration/project.spec.js',\n-         type: 'GET',\n-         isLocal: false,\n-         global: true,\n-         processData: true,\n-         async: true,\n-         contentType: 'application/x-www-form-urlencoded; charset=UTF-8',\n-         accepts: [Object],\n-         contents: [Object],\n-         responseFields: [Object],\n-         converters: [Object],\n-         flatOptions: [Object],\n-         xhr: [Function],\n-         jsonp: 'callback',\n-         jsonpCallback: [Function: jsonpCallback],\n-         cache: false },\n-      ajaxSetup: [Function: ajaxSetup],\n-      ajaxPrefilter: [Function],\n-      ajaxTransport: [Function],\n-      ajax: [Function: ajax],\n-      getJSON: [Function: getJSON],\n-      getScript: [Function: getScript],\n-      get: [Function],\n-      post: [Function],\n-      _evalUrl: [Function],\n-      parseHTML: [Function],\n-      offset: { setOffset: [Function: setOffset] },\n-      parseJSON: [Function: parse],\n-      noConflict: [Function],\n-      scrollTo: { [Function] defaults: [Object], max: [Function] } },\n-   toArray: [Function: toArray],\n-   get: [Function: get],\n-   pushStack: [Function: pushStack],\n-   each: [Function: each],\n-   map: [Function: map],\n-   slice: [Function: slice],\n-   first: [Function: first],\n-   last: [Function: last],\n-   eq: [Function: eq],\n-   end: [Function: end],\n-   push: [Function: push],\n-   sort: [Function: sort],\n-   splice: [Function: splice],\n-   extend: [Function],\n-   find: [Function: find],\n-   filter: [Function: filter],\n-   not: [Function: not],\n-   is: [Function: is],\n-   init: [Function],\n-   has: [Function: has],\n-   closest: [Function: closest],\n-   index: [Function: index],\n-   add: [Function: add],\n-   addBack: [Function: addBack],\n-   parent: [Function],\n-   parents: [Function],\n-   parentsUntil: [Function],\n-   next: [Function],\n-   prev: [Function],\n-   nextAll: [Function],\n-   prevAll: [Function],\n-   nextUntil: [Function],\n-   prevUntil: [Function],\n-   siblings: [Function],\n-   children: [Function],\n-   contents: [Function],\n-   ready: [Function],\n-   data: [Function: data],\n-   removeData: [Function: removeData],\n-   queue: [Function: queue],\n-   dequeue: [Function: dequeue],\n-   clearQueue: [Function: clearQueue],\n-   promise: [Function: promise],\n-   show: [Function],\n-   hide: [Function],\n-   toggle: [Function],\n-   on: [Function: on],\n-   one: [Function: one],\n-   off: [Function: off],\n-   detach: [Function: detach],\n-   remove: [Function: remove],\n-   text: [Function: text],\n-   append: [Function: append],\n-   prepend: [Function: prepend],\n-   before: [Function: before],\n-   after: [Function: after],\n-   empty: [Function: empty],\n-   clone: [Function: clone],\n-   html: [Function: html],\n-   replaceWith: [Function: replaceWith],\n-   appendTo: [Function],\n-   prependTo: [Function],\n-   insertBefore: [Function],\n-   insertAfter: [Function],\n-   replaceAll: [Function],\n-   css: [Function: css],\n-   fadeTo: [Function: fadeTo],\n-   animate: [Function: animate],\n-   stop: [Function: stop],\n-   finish: [Function: finish],\n-   slideDown: [Function],\n-   slideUp: [Function],\n-   slideToggle: [Function],\n-   fadeIn: [Function],\n-   fadeOut: [Function],\n-   fadeToggle: [Function],\n-   delay: [Function],\n-   attr: [Function: attr],\n-   removeAttr: [Function: removeAttr],\n-   prop: [Function: prop],\n-   removeProp: [Function: removeProp],\n-   addClass: [Function: addClass],\n-   removeClass: [Function: removeClass],\n-   toggleClass: [Function: toggleClass],\n-   hasClass: [Function: hasClass],\n-   val: [Function: val],\n-   trigger: [Function: trigger],\n-   triggerHandler: [Function: triggerHandler],\n-   blur: [Function],\n-   focus: [Function],\n-   focusin: [Function],\n-   focusout: [Function],\n-   resize: [Function],\n-   scroll: [Function],\n-   click: [Function],\n-   dblclick: [Function],\n-   mousedown: [Function],\n-   mouseup: [Function],\n-   mousemove: [Function],\n-   mouseover: [Function],\n-   mouseout: [Function],\n-   mouseenter: [Function],\n-   mouseleave: [Function],\n-   change: [Function],\n-   select: [Function],\n-   submit: [Function],\n-   keydown: [Function],\n-   keypress: [Function],\n-   keyup: [Function],\n-   contextmenu: [Function],\n-   hover: [Function: hover],\n-   serialize: [Function: serialize],\n-   serializeArray: [Function: serializeArray],\n-   wrapAll: [Function: wrapAll],\n-   wrapInner: [Function: wrapInner],\n-   wrap: [Function: wrap],\n-   unwrap: [Function: unwrap],\n-   load: [Function],\n-   ajaxStart: [Function],\n-   ajaxStop: [Function],\n-   ajaxComplete: [Function],\n-   ajaxError: [Function],\n-   ajaxSuccess: [Function],\n-   ajaxSend: [Function],\n-   offset: [Function: offset],\n-   position: [Function: position],\n-   offsetParent: [Function: offsetParent],\n-   scrollLeft: [Function],\n-   scrollTop: [Function],\n-   innerHeight: [Function],\n-   height: [Function],\n-   outerHeight: [Function],\n-   innerWidth: [Function],\n-   width: [Function],\n-   outerWidth: [Function],\n-   bind: [Function: bind],\n-   unbind: [Function: unbind],\n-   delegate: [Function: delegate],\n-   undelegate: [Function: undelegate],\n-   scrollTo: [Function] }\n+ 'selected'\n"
              },
              "uuid": "e9895111-24ac-4ebf-8836-18409855086e",
              "parentUUID": "1a39490a-9b95-4da1-8ff1-91745dd1af6c",
              "isHook": false,
              "skipped": false
            },
            {
              "title": "Verifica se os pixels dentro do quadro não têm a classe `selected` quando são clicados",
              "fullTitle": "7 - Clicar em uma das cores da paleta, faz com que ela seja selecionada e utilizada para preencher os pixels no quadro. Verifica se os pixels dentro do quadro não têm a classe `selected` quando são clicados",
              "timedOut": null,
              "duration": 4473,
              "state": "failed",
              "speed": null,
              "pass": false,
              "fail": true,
              "pending": false,
              "context": null,
              "code": "cy.get('.color').each(function (color) {\n  var backgroundColor = color.css('background-color');\n  cy.wrap(color).click();\n  cy.get('.pixel').each(function (pixel) {\n    cy.wrap(pixel).click().should('not.have.class', 'selected');\n  });\n});",
              "err": {
                "message": "CypressError: Timed out retrying: Expected to find element: '.pixel', but never found it.",
                "estack": "CypressError: Timed out retrying: Expected to find element: '.pixel', but never found it.\n    at cypressErr (http://localhost:44799/__cypress/runner/cypress_runner.js:149934:9)\n    at throwErr (http://localhost:44799/__cypress/runner/cypress_runner.js:149867:11)\n    at Object.throwErrByPath (http://localhost:44799/__cypress/runner/cypress_runner.js:149915:3)\n    at retry (http://localhost:44799/__cypress/runner/cypress_runner.js:144197:19)\n    at onFailFn (http://localhost:44799/__cypress/runner/cypress_runner.js:132448:16)\n    at tryCatcher (http://localhost:44799/__cypress/runner/cypress_runner.js:167415:23)\n    at Promise._settlePromiseFromHandler (http://localhost:44799/__cypress/runner/cypress_runner.js:165351:31)\n    at Promise._settlePromise (http://localhost:44799/__cypress/runner/cypress_runner.js:165408:18)\n    at Promise._settlePromise0 (http://localhost:44799/__cypress/runner/cypress_runner.js:165453:10)\n    at Promise._settlePromises (http://localhost:44799/__cypress/runner/cypress_runner.js:165528:18)\n    at Async../node_modules/bluebird/js/release/async.js.Async._drainQueue (http://localhost:44799/__cypress/runner/cypress_runner.js:162140:16)\n    at Async../node_modules/bluebird/js/release/async.js.Async._drainQueues (http://localhost:44799/__cypress/runner/cypress_runner.js:162150:10)\n    at Async.drainQueues (http://localhost:44799/__cypress/runner/cypress_runner.js:162024:14)",
                "diff": null
              },
              "uuid": "c8cc9ef1-d10f-471c-b0fa-93800b6f888c",
              "parentUUID": "1a39490a-9b95-4da1-8ff1-91745dd1af6c",
              "isHook": false,
              "skipped": false
            }
          ],
          "suites": [],
          "passes": [],
          "failures": [
            "e9895111-24ac-4ebf-8836-18409855086e",
            "c8cc9ef1-d10f-471c-b0fa-93800b6f888c"
          ],
          "pending": [],
          "skipped": [],
          "duration": 4968,
          "root": false,
          "rootEmpty": false,
          "_timeout": 2000
        },
        {
          "uuid": "e5c219f9-264c-4b3c-b7ab-e029c4f3f3ea",
          "title": "8 - Clicar em um pixel dentro do quadro após selecionar uma cor na paleta, faz com que o pixel seja preenchido com a cor selecionada.",
          "fullFile": "",
          "file": "",
          "beforeHooks": [],
          "afterHooks": [],
          "tests": [
            {
              "title": "Verifica se ao carregar a página deve ser possível pintar os pixels de preto",
              "fullTitle": "8 - Clicar em um pixel dentro do quadro após selecionar uma cor na paleta, faz com que o pixel seja preenchido com a cor selecionada. Verifica se ao carregar a página deve ser possível pintar os pixels de preto",
              "timedOut": null,
              "duration": 4437,
              "state": "failed",
              "speed": null,
              "pass": false,
              "fail": true,
              "pending": false,
              "context": null,
              "code": "cy.get('.pixel').each(function (pixel) {\n  cy.wrap(pixel).click().should('have.css', 'background-color', BLACK);\n});",
              "err": {
                "message": "CypressError: Timed out retrying: Expected to find element: '.pixel', but never found it.",
                "estack": "CypressError: Timed out retrying: Expected to find element: '.pixel', but never found it.\n    at cypressErr (http://localhost:44799/__cypress/runner/cypress_runner.js:149934:9)\n    at throwErr (http://localhost:44799/__cypress/runner/cypress_runner.js:149867:11)\n    at Object.throwErrByPath (http://localhost:44799/__cypress/runner/cypress_runner.js:149915:3)\n    at retry (http://localhost:44799/__cypress/runner/cypress_runner.js:144197:19)\n    at onFailFn (http://localhost:44799/__cypress/runner/cypress_runner.js:132448:16)\n    at tryCatcher (http://localhost:44799/__cypress/runner/cypress_runner.js:167415:23)\n    at Promise._settlePromiseFromHandler (http://localhost:44799/__cypress/runner/cypress_runner.js:165351:31)\n    at Promise._settlePromise (http://localhost:44799/__cypress/runner/cypress_runner.js:165408:18)\n    at Promise._settlePromise0 (http://localhost:44799/__cypress/runner/cypress_runner.js:165453:10)\n    at Promise._settlePromises (http://localhost:44799/__cypress/runner/cypress_runner.js:165528:18)\n    at Async../node_modules/bluebird/js/release/async.js.Async._drainQueue (http://localhost:44799/__cypress/runner/cypress_runner.js:162140:16)\n    at Async../node_modules/bluebird/js/release/async.js.Async._drainQueues (http://localhost:44799/__cypress/runner/cypress_runner.js:162150:10)\n    at Async.drainQueues (http://localhost:44799/__cypress/runner/cypress_runner.js:162024:14)",
                "diff": null
              },
              "uuid": "e12030c7-d971-49ed-a4bf-d4f28d05b92f",
              "parentUUID": "e5c219f9-264c-4b3c-b7ab-e029c4f3f3ea",
              "isHook": false,
              "skipped": false
            },
            {
              "title": "Verifica se após selecionar uma outra cor na paleta, é possível pintar os pixels com essa cor",
              "fullTitle": "8 - Clicar em um pixel dentro do quadro após selecionar uma cor na paleta, faz com que o pixel seja preenchido com a cor selecionada. Verifica se após selecionar uma outra cor na paleta, é possível pintar os pixels com essa cor",
              "timedOut": null,
              "duration": 4539,
              "state": "failed",
              "speed": null,
              "pass": false,
              "fail": true,
              "pending": false,
              "context": null,
              "code": "cy.get('.color').each(function (color) {\n  var backgroundColor = color.css('background-color');\n  cy.wrap(color).click();\n  cy.get('.pixel').each(function (pixel) {\n    cy.wrap(pixel).click().should('have.css', 'background-color', backgroundColor);\n  });\n});",
              "err": {
                "message": "CypressError: Timed out retrying: Expected to find element: '.pixel', but never found it.",
                "estack": "CypressError: Timed out retrying: Expected to find element: '.pixel', but never found it.\n    at cypressErr (http://localhost:44799/__cypress/runner/cypress_runner.js:149934:9)\n    at throwErr (http://localhost:44799/__cypress/runner/cypress_runner.js:149867:11)\n    at Object.throwErrByPath (http://localhost:44799/__cypress/runner/cypress_runner.js:149915:3)\n    at retry (http://localhost:44799/__cypress/runner/cypress_runner.js:144197:19)\n    at onFailFn (http://localhost:44799/__cypress/runner/cypress_runner.js:132448:16)\n    at tryCatcher (http://localhost:44799/__cypress/runner/cypress_runner.js:167415:23)\n    at Promise._settlePromiseFromHandler (http://localhost:44799/__cypress/runner/cypress_runner.js:165351:31)\n    at Promise._settlePromise (http://localhost:44799/__cypress/runner/cypress_runner.js:165408:18)\n    at Promise._settlePromise0 (http://localhost:44799/__cypress/runner/cypress_runner.js:165453:10)\n    at Promise._settlePromises (http://localhost:44799/__cypress/runner/cypress_runner.js:165528:18)\n    at Async../node_modules/bluebird/js/release/async.js.Async._drainQueue (http://localhost:44799/__cypress/runner/cypress_runner.js:162140:16)\n    at Async../node_modules/bluebird/js/release/async.js.Async._drainQueues (http://localhost:44799/__cypress/runner/cypress_runner.js:162150:10)\n    at Async.drainQueues (http://localhost:44799/__cypress/runner/cypress_runner.js:162024:14)",
                "diff": null
              },
              "uuid": "9e9a1ecb-eb43-48f7-bdc0-cf5381279ef6",
              "parentUUID": "e5c219f9-264c-4b3c-b7ab-e029c4f3f3ea",
              "isHook": false,
              "skipped": false
            },
            {
              "title": "Verifica se somente o pixel que foi clicado foi preenchido com a cor selecionada, sem influenciar na cor dos demais pixels.",
              "fullTitle": "8 - Clicar em um pixel dentro do quadro após selecionar uma cor na paleta, faz com que o pixel seja preenchido com a cor selecionada. Verifica se somente o pixel que foi clicado foi preenchido com a cor selecionada, sem influenciar na cor dos demais pixels.",
              "timedOut": null,
              "duration": 4539,
              "state": "failed",
              "speed": null,
              "pass": false,
              "fail": true,
              "pending": false,
              "context": null,
              "code": "var colorToPixelIndexMap = {\n  0: 6,\n  1: 8,\n  2: 16,\n  3: 18\n};\ncy.get('.color').each(function (color, index) {\n  cy.wrap(color).click();\n  var backgroundColor = color.css('background-color');\n  var clickedPixelIndex = colorToPixelIndexMap[index];\n  cy.get('.pixel').eq(clickedPixelIndex).click();\n  cy.get('.pixel').eq(clickedPixelIndex - 1).should('not.have.css', 'background-color', backgroundColor);\n  cy.get('.pixel').eq(clickedPixelIndex + 1).should('not.have.css', 'background-color', backgroundColor);\n  cy.get('.pixel').eq(clickedPixelIndex - 5).should('not.have.css', 'background-color', backgroundColor);\n  cy.get('.pixel').eq(clickedPixelIndex + 5).should('not.have.css', 'background-color', backgroundColor);\n  cy.get('.pixel').eq(clickedPixelIndex - 6).should('not.have.css', 'background-color', backgroundColor);\n  cy.get('.pixel').eq(clickedPixelIndex - 4).should('not.have.css', 'background-color', backgroundColor);\n  cy.get('.pixel').eq(clickedPixelIndex + 4).should('not.have.css', 'background-color', backgroundColor);\n  cy.get('.pixel').eq(clickedPixelIndex + 6).should('not.have.css', 'background-color', backgroundColor);\n});",
              "err": {
                "message": "CypressError: Timed out retrying: Expected to find element: '.pixel', but never found it.",
                "estack": "CypressError: Timed out retrying: Expected to find element: '.pixel', but never found it.\n    at cypressErr (http://localhost:44799/__cypress/runner/cypress_runner.js:149934:9)\n    at throwErr (http://localhost:44799/__cypress/runner/cypress_runner.js:149867:11)\n    at Object.throwErrByPath (http://localhost:44799/__cypress/runner/cypress_runner.js:149915:3)\n    at retry (http://localhost:44799/__cypress/runner/cypress_runner.js:144197:19)\n    at onFailFn (http://localhost:44799/__cypress/runner/cypress_runner.js:132448:16)\n    at tryCatcher (http://localhost:44799/__cypress/runner/cypress_runner.js:167415:23)\n    at Promise._settlePromiseFromHandler (http://localhost:44799/__cypress/runner/cypress_runner.js:165351:31)\n    at Promise._settlePromise (http://localhost:44799/__cypress/runner/cypress_runner.js:165408:18)\n    at Promise._settlePromise0 (http://localhost:44799/__cypress/runner/cypress_runner.js:165453:10)\n    at Promise._settlePromises (http://localhost:44799/__cypress/runner/cypress_runner.js:165528:18)\n    at Async../node_modules/bluebird/js/release/async.js.Async._drainQueue (http://localhost:44799/__cypress/runner/cypress_runner.js:162140:16)\n    at Async../node_modules/bluebird/js/release/async.js.Async._drainQueues (http://localhost:44799/__cypress/runner/cypress_runner.js:162150:10)\n    at Async.drainQueues (http://localhost:44799/__cypress/runner/cypress_runner.js:162024:14)",
                "diff": null
              },
              "uuid": "dd736799-6231-481c-ae53-5ec1f3505189",
              "parentUUID": "e5c219f9-264c-4b3c-b7ab-e029c4f3f3ea",
              "isHook": false,
              "skipped": false
            }
          ],
          "suites": [],
          "passes": [],
          "failures": [
            "e12030c7-d971-49ed-a4bf-d4f28d05b92f",
            "9e9a1ecb-eb43-48f7-bdc0-cf5381279ef6",
            "dd736799-6231-481c-ae53-5ec1f3505189"
          ],
          "pending": [],
          "skipped": [],
          "duration": 13515,
          "root": false,
          "rootEmpty": false,
          "_timeout": 2000
        },
        {
          "uuid": "015505e5-3418-411c-8a51-7026a669143b",
          "title": "9 - Crie um botão que, ao ser clicado, limpa o quadro preenchendo a cor de todos seus pixels com branco.",
          "fullFile": "",
          "file": "",
          "beforeHooks": [],
          "afterHooks": [],
          "tests": [
            {
              "title": "Verifica se o botão tem o `id` denominado `clear-board`",
              "fullTitle": "9 - Crie um botão que, ao ser clicado, limpa o quadro preenchendo a cor de todos seus pixels com branco. Verifica se o botão tem o `id` denominado `clear-board`",
              "timedOut": null,
              "duration": 4423,
              "state": "failed",
              "speed": null,
              "pass": false,
              "fail": true,
              "pending": false,
              "context": null,
              "code": "cy.get('#clear-board').should('be.visible');",
              "err": {
                "message": "CypressError: Timed out retrying: Expected to find element: '#clear-board', but never found it.",
                "estack": "CypressError: Timed out retrying: Expected to find element: '#clear-board', but never found it.\n    at cypressErr (http://localhost:44799/__cypress/runner/cypress_runner.js:149934:9)\n    at throwErr (http://localhost:44799/__cypress/runner/cypress_runner.js:149867:11)\n    at Object.throwErrByPath (http://localhost:44799/__cypress/runner/cypress_runner.js:149915:3)\n    at retry (http://localhost:44799/__cypress/runner/cypress_runner.js:144197:19)\n    at onFailFn (http://localhost:44799/__cypress/runner/cypress_runner.js:132448:16)\n    at tryCatcher (http://localhost:44799/__cypress/runner/cypress_runner.js:167415:23)\n    at Promise._settlePromiseFromHandler (http://localhost:44799/__cypress/runner/cypress_runner.js:165351:31)\n    at Promise._settlePromise (http://localhost:44799/__cypress/runner/cypress_runner.js:165408:18)\n    at Promise._settlePromise0 (http://localhost:44799/__cypress/runner/cypress_runner.js:165453:10)\n    at Promise._settlePromises (http://localhost:44799/__cypress/runner/cypress_runner.js:165528:18)\n    at Async../node_modules/bluebird/js/release/async.js.Async._drainQueue (http://localhost:44799/__cypress/runner/cypress_runner.js:162140:16)\n    at Async../node_modules/bluebird/js/release/async.js.Async._drainQueues (http://localhost:44799/__cypress/runner/cypress_runner.js:162150:10)\n    at Async.drainQueues (http://localhost:44799/__cypress/runner/cypress_runner.js:162024:14)",
                "diff": null
              },
              "uuid": "d6ec5c28-b970-45bf-bd6a-beaed0883f29",
              "parentUUID": "015505e5-3418-411c-8a51-7026a669143b",
              "isHook": false,
              "skipped": false
            },
            {
              "title": "Verifica se o botão está posicionado entre a paleta de cores e o quadro de pixels",
              "fullTitle": "9 - Crie um botão que, ao ser clicado, limpa o quadro preenchendo a cor de todos seus pixels com branco. Verifica se o botão está posicionado entre a paleta de cores e o quadro de pixels",
              "timedOut": null,
              "duration": 4501,
              "state": "failed",
              "speed": null,
              "pass": false,
              "fail": true,
              "pending": false,
              "context": null,
              "code": "cy.get('#color-palette').then(function (palette) {\n  cy.get('#clear-board').should('be.belowOf', palette);\n});\ncy.get('#clear-board').then(function (clearBtn) {\n  cy.get('#pixel-board').should('be.belowOf', clearBtn);\n});",
              "err": {
                "message": "CypressError: Timed out retrying: Expected to find element: '#clear-board', but never found it.",
                "estack": "CypressError: Timed out retrying: Expected to find element: '#clear-board', but never found it.\n    at cypressErr (http://localhost:44799/__cypress/runner/cypress_runner.js:149934:9)\n    at throwErr (http://localhost:44799/__cypress/runner/cypress_runner.js:149867:11)\n    at Object.throwErrByPath (http://localhost:44799/__cypress/runner/cypress_runner.js:149915:3)\n    at retry (http://localhost:44799/__cypress/runner/cypress_runner.js:144197:19)\n    at onFailFn (http://localhost:44799/__cypress/runner/cypress_runner.js:132448:16)\n    at tryCatcher (http://localhost:44799/__cypress/runner/cypress_runner.js:167415:23)\n    at Promise._settlePromiseFromHandler (http://localhost:44799/__cypress/runner/cypress_runner.js:165351:31)\n    at Promise._settlePromise (http://localhost:44799/__cypress/runner/cypress_runner.js:165408:18)\n    at Promise._settlePromise0 (http://localhost:44799/__cypress/runner/cypress_runner.js:165453:10)\n    at Promise._settlePromises (http://localhost:44799/__cypress/runner/cypress_runner.js:165528:18)\n    at Async../node_modules/bluebird/js/release/async.js.Async._drainQueue (http://localhost:44799/__cypress/runner/cypress_runner.js:162140:16)\n    at Async../node_modules/bluebird/js/release/async.js.Async._drainQueues (http://localhost:44799/__cypress/runner/cypress_runner.js:162150:10)\n    at Async.drainQueues (http://localhost:44799/__cypress/runner/cypress_runner.js:162024:14)",
                "diff": null
              },
              "uuid": "8333b63c-1819-4c5a-8d3b-174e0f7c4416",
              "parentUUID": "015505e5-3418-411c-8a51-7026a669143b",
              "isHook": false,
              "skipped": false
            },
            {
              "title": "Verifica se o texto do botão é 'Limpar'",
              "fullTitle": "9 - Crie um botão que, ao ser clicado, limpa o quadro preenchendo a cor de todos seus pixels com branco. Verifica se o texto do botão é 'Limpar'",
              "timedOut": null,
              "duration": 4477,
              "state": "failed",
              "speed": null,
              "pass": false,
              "fail": true,
              "pending": false,
              "context": null,
              "code": "cy.get('#clear-board').should('contain.text', 'Limpar');",
              "err": {
                "message": "CypressError: Timed out retrying: Expected to find element: '#clear-board', but never found it.",
                "estack": "CypressError: Timed out retrying: Expected to find element: '#clear-board', but never found it.\n    at cypressErr (http://localhost:44799/__cypress/runner/cypress_runner.js:149934:9)\n    at throwErr (http://localhost:44799/__cypress/runner/cypress_runner.js:149867:11)\n    at Object.throwErrByPath (http://localhost:44799/__cypress/runner/cypress_runner.js:149915:3)\n    at retry (http://localhost:44799/__cypress/runner/cypress_runner.js:144197:19)\n    at onFailFn (http://localhost:44799/__cypress/runner/cypress_runner.js:132448:16)\n    at tryCatcher (http://localhost:44799/__cypress/runner/cypress_runner.js:167415:23)\n    at Promise._settlePromiseFromHandler (http://localhost:44799/__cypress/runner/cypress_runner.js:165351:31)\n    at Promise._settlePromise (http://localhost:44799/__cypress/runner/cypress_runner.js:165408:18)\n    at Promise._settlePromise0 (http://localhost:44799/__cypress/runner/cypress_runner.js:165453:10)\n    at Promise._settlePromises (http://localhost:44799/__cypress/runner/cypress_runner.js:165528:18)\n    at Async../node_modules/bluebird/js/release/async.js.Async._drainQueue (http://localhost:44799/__cypress/runner/cypress_runner.js:162140:16)\n    at Async../node_modules/bluebird/js/release/async.js.Async._drainQueues (http://localhost:44799/__cypress/runner/cypress_runner.js:162150:10)\n    at Async.drainQueues (http://localhost:44799/__cypress/runner/cypress_runner.js:162024:14)",
                "diff": null
[...]
                "diff": null
              },
              "uuid": "f3876269-0699-41d5-af25-2e533b52a7fb",
              "parentUUID": "b9611a86-0f67-4d1c-8d6d-b39d90b91cf2",
              "isHook": false,
              "skipped": false
            },
            {
              "title": "Verifica se o novo quadro tem todos os pixels preenchidos com a cor branca",
              "fullTitle": "10 - Faça o quadro de pixels ter seu tamanho definido pelo usuário. Verifica se o novo quadro tem todos os pixels preenchidos com a cor branca",
              "timedOut": null,
              "duration": 4465,
              "state": "failed",
              "speed": null,
              "pass": false,
              "fail": true,
              "pending": false,
              "context": null,
              "code": "cy.get('#board-size').clear().type(6);\ncy.get('#generate-board').click();\ncy.get('.pixel').should('have.length', 36).each(function (pixel) {\n  expect(pixel).to.have.css('background-color', WHITE);\n});",
              "err": {
                "message": "CypressError: Timed out retrying: Expected to find element: '#board-size', but never found it.",
                "estack": "CypressError: Timed out retrying: Expected to find element: '#board-size', but never found it.\n    at cypressErr (http://localhost:44799/__cypress/runner/cypress_runner.js:149934:9)\n    at throwErr (http://localhost:44799/__cypress/runner/cypress_runner.js:149867:11)\n    at Object.throwErrByPath (http://localhost:44799/__cypress/runner/cypress_runner.js:149915:3)\n    at retry (http://localhost:44799/__cypress/runner/cypress_runner.js:144197:19)\n    at onFailFn (http://localhost:44799/__cypress/runner/cypress_runner.js:132448:16)\n    at tryCatcher (http://localhost:44799/__cypress/runner/cypress_runner.js:167415:23)\n    at Promise._settlePromiseFromHandler (http://localhost:44799/__cypress/runner/cypress_runner.js:165351:31)\n    at Promise._settlePromise (http://localhost:44799/__cypress/runner/cypress_runner.js:165408:18)\n    at Promise._settlePromise0 (http://localhost:44799/__cypress/runner/cypress_runner.js:165453:10)\n    at Promise._settlePromises (http://localhost:44799/__cypress/runner/cypress_runner.js:165528:18)\n    at Async../node_modules/bluebird/js/release/async.js.Async._drainQueue (http://localhost:44799/__cypress/runner/cypress_runner.js:162140:16)\n    at Async../node_modules/bluebird/js/release/async.js.Async._drainQueues (http://localhost:44799/__cypress/runner/cypress_runner.js:162150:10)\n    at Async.drainQueues (http://localhost:44799/__cypress/runner/cypress_runner.js:162024:14)",
                "diff": null
              },
              "uuid": "db47d91d-7010-46ad-91e9-72aa45eb7742",
              "parentUUID": "b9611a86-0f67-4d1c-8d6d-b39d90b91cf2",
              "isHook": false,
              "skipped": false
            }
          ],
          "suites": [],
          "passes": [],
          "failures": [
            "3ab70bab-fac8-45b2-8bb3-9dd0a4bbbf78",
            "14e178fb-80a4-423a-8f03-ecb09974100f",
            "73460aa6-9040-44d7-afc6-a063f4a40b11",
            "cb586f65-2aab-4f2c-b5f3-f3fa16e412c6",
            "2e000b83-07bd-493a-b943-345d048edb4d",
            "a4d176a2-b7b4-4629-bf0b-151da4d79e9b",
            "9bcfe5c5-88ab-4952-be81-3b0c3f56f812",
            "f3876269-0699-41d5-af25-2e533b52a7fb",
            "db47d91d-7010-46ad-91e9-72aa45eb7742"
          ],
          "pending": [],
          "skipped": [],
          "duration": 40823,
          "root": false,
          "rootEmpty": false,
          "_timeout": 2000
        },
        {
          "uuid": "516f264d-1f62-4872-8e1d-79a8dd243f7c",
          "title": "11 - Limite o tamanho mínimo e máximo do board.",
          "fullFile": "",
          "file": "",
          "beforeHooks": [],
          "afterHooks": [],
          "tests": [
            {
              "title": "Verifica se a altura máxima do board é 50",
              "fullTitle": "11 - Limite o tamanho mínimo e máximo do board. Verifica se a altura máxima do board é 50",
              "timedOut": null,
              "duration": 4497,
              "state": "failed",
              "speed": null,
              "pass": false,
              "fail": true,
              "pending": false,
              "context": null,
              "code": "cy.get('#board-size').clear().type(50);\ncy.get('#generate-board').click();\ncy.get('.pixel').should('have.length', 2500);",
              "err": {
                "message": "CypressError: Timed out retrying: Expected to find element: '#board-size', but never found it.",
                "estack": "CypressError: Timed out retrying: Expected to find element: '#board-size', but never found it.\n    at cypressErr (http://localhost:44799/__cypress/runner/cypress_runner.js:149934:9)\n    at throwErr (http://localhost:44799/__cypress/runner/cypress_runner.js:149867:11)\n    at Object.throwErrByPath (http://localhost:44799/__cypress/runner/cypress_runner.js:149915:3)\n    at retry (http://localhost:44799/__cypress/runner/cypress_runner.js:144197:19)\n    at onFailFn (http://localhost:44799/__cypress/runner/cypress_runner.js:132448:16)\n    at tryCatcher (http://localhost:44799/__cypress/runner/cypress_runner.js:167415:23)\n    at Promise._settlePromiseFromHandler (http://localhost:44799/__cypress/runner/cypress_runner.js:165351:31)\n    at Promise._settlePromise (http://localhost:44799/__cypress/runner/cypress_runner.js:165408:18)\n    at Promise._settlePromise0 (http://localhost:44799/__cypress/runner/cypress_runner.js:165453:10)\n    at Promise._settlePromises (http://localhost:44799/__cypress/runner/cypress_runner.js:165528:18)\n    at Async../node_modules/bluebird/js/release/async.js.Async._drainQueue (http://localhost:44799/__cypress/runner/cypress_runner.js:162140:16)\n    at Async../node_modules/bluebird/js/release/async.js.Async._drainQueues (http://localhost:44799/__cypress/runner/cypress_runner.js:162150:10)\n    at Async.drainQueues (http://localhost:44799/__cypress/runner/cypress_runner.js:162024:14)",
                "diff": null
              },
              "uuid": "831f22e9-8669-45f7-af5a-0a2f9c4882f1",
              "parentUUID": "516f264d-1f62-4872-8e1d-79a8dd243f7c",
              "isHook": false,
              "skipped": false
            },
            {
              "title": "Verifica se a altura do board é 5 quando um valor menor é colocado no input",
              "fullTitle": "11 - Limite o tamanho mínimo e máximo do board. Verifica se a altura do board é 5 quando um valor menor é colocado no input",
              "timedOut": null,
              "duration": 4568,
              "state": "failed",
              "speed": null,
              "pass": false,
              "fail": true,
              "pending": false,
              "context": null,
              "code": "cy.get('#board-size').clear().type(4);\ncy.get('#generate-board').click();\ncy.get('.pixel').should('have.length', 25);",
              "err": {
                "message": "CypressError: Timed out retrying: Expected to find element: '#board-size', but never found it.",
                "estack": "CypressError: Timed out retrying: Expected to find element: '#board-size', but never found it.\n    at cypressErr (http://localhost:44799/__cypress/runner/cypress_runner.js:149934:9)\n    at throwErr (http://localhost:44799/__cypress/runner/cypress_runner.js:149867:11)\n    at Object.throwErrByPath (http://localhost:44799/__cypress/runner/cypress_runner.js:149915:3)\n    at retry (http://localhost:44799/__cypress/runner/cypress_runner.js:144197:19)\n    at onFailFn (http://localhost:44799/__cypress/runner/cypress_runner.js:132448:16)\n    at tryCatcher (http://localhost:44799/__cypress/runner/cypress_runner.js:167415:23)\n    at Promise._settlePromiseFromHandler (http://localhost:44799/__cypress/runner/cypress_runner.js:165351:31)\n    at Promise._settlePromise (http://localhost:44799/__cypress/runner/cypress_runner.js:165408:18)\n    at Promise._settlePromise0 (http://localhost:44799/__cypress/runner/cypress_runner.js:165453:10)\n    at Promise._settlePromises (http://localhost:44799/__cypress/runner/cypress_runner.js:165528:18)\n    at Async../node_modules/bluebird/js/release/async.js.Async._drainQueue (http://localhost:44799/__cypress/runner/cypress_runner.js:162140:16)\n    at Async../node_modules/bluebird/js/release/async.js.Async._drainQueues (http://localhost:44799/__cypress/runner/cypress_runner.js:162150:10)\n    at Async.drainQueues (http://localhost:44799/__cypress/runner/cypress_runner.js:162024:14)",
                "diff": null
              },
              "uuid": "f01c37c0-08e0-443c-bfbd-8873e50098ca",
              "parentUUID": "516f264d-1f62-4872-8e1d-79a8dd243f7c",
              "isHook": false,
              "skipped": false
            },
            {
              "title": "Verifica se a altura do board é 50 quando um valor maior é colocado no input",
              "fullTitle": "11 - Limite o tamanho mínimo e máximo do board. Verifica se a altura do board é 50 quando um valor maior é colocado no input",
              "timedOut": null,
              "duration": 4846,
              "state": "failed",
              "speed": null,
              "pass": false,
              "fail": true,
              "pending": false,
              "context": null,
              "code": "cy.get('#board-size').clear().type(51);\ncy.get('#generate-board').click();\ncy.get('.pixel').should('have.length', 2500);",
              "err": {
                "message": "CypressError: Timed out retrying: Expected to find element: '#board-size', but never found it.",
                "estack": "CypressError: Timed out retrying: Expected to find element: '#board-size', but never found it.\n    at cypressErr (http://localhost:44799/__cypress/runner/cypress_runner.js:149934:9)\n    at throwErr (http://localhost:44799/__cypress/runner/cypress_runner.js:149867:11)\n    at Object.throwErrByPath (http://localhost:44799/__cypress/runner/cypress_runner.js:149915:3)\n    at retry (http://localhost:44799/__cypress/runner/cypress_runner.js:144197:19)\n    at onFailFn (http://localhost:44799/__cypress/runner/cypress_runner.js:132448:16)\n    at tryCatcher (http://localhost:44799/__cypress/runner/cypress_runner.js:167415:23)\n    at Promise._settlePromiseFromHandler (http://localhost:44799/__cypress/runner/cypress_runner.js:165351:31)\n    at Promise._settlePromise (http://localhost:44799/__cypress/runner/cypress_runner.js:165408:18)\n    at Promise._settlePromise0 (http://localhost:44799/__cypress/runner/cypress_runner.js:165453:10)\n    at Promise._settlePromises (http://localhost:44799/__cypress/runner/cypress_runner.js:165528:18)\n    at Async../node_modules/bluebird/js/release/async.js.Async._drainQueue (http://localhost:44799/__cypress/runner/cypress_runner.js:162140:16)\n    at Async../node_modules/bluebird/js/release/async.js.Async._drainQueues (http://localhost:44799/__cypress/runner/cypress_runner.js:162150:10)\n    at Async.drainQueues (http://localhost:44799/__cypress/runner/cypress_runner.js:162024:14)",
                "diff": null
              },
              "uuid": "8fa1cad6-08c9-41fd-90a2-20bcb113709d",
              "parentUUID": "516f264d-1f62-4872-8e1d-79a8dd243f7c",
              "isHook": false,
              "skipped": false
            }
          ],
          "suites": [],
          "passes": [],
          "failures": [
            "831f22e9-8669-45f7-af5a-0a2f9c4882f1",
            "f01c37c0-08e0-443c-bfbd-8873e50098ca",
            "8fa1cad6-08c9-41fd-90a2-20bcb113709d"
          ],
          "pending": [],
          "skipped": [],
          "duration": 13911,
          "root": false,
          "rootEmpty": false,
          "_timeout": 2000
        },
        {
          "uuid": "52943f3c-c5c0-4593-a3f4-0365afa5e0e2",
          "title": "12 - Faça com que as cores da paleta sejam geradas aleatoriamente ao carregar a página.",
          "fullFile": "",
          "file": "",
          "beforeHooks": [],
          "afterHooks": [],
          "tests": [
            {
              "title": "Verifica se as cores geradas na paleta são diferentes a cada carregamento da página",
              "fullTitle": "12 - Faça com que as cores da paleta sejam geradas aleatoriamente ao carregar a página. Verifica se as cores geradas na paleta são diferentes a cada carregamento da página",
              "timedOut": null,
              "duration": 836,
              "state": "failed",
              "speed": null,
              "pass": false,
              "fail": true,
              "pending": false,
              "context": null,
              "code": "cy.get('.color').then(function (colors) {\n  var currentColors;\n  var previousColors;\n  previousColors = Array.from(colors).map(function (color) {\n    return Cypress.$(color).css('background-color');\n  });\n  for (var i = 0; i < 5; i += 1) {\n    cy.reload();\n    cy.get('.color').then(function (colors) {\n      currentColors = Array.from(colors).map(function (color) {\n        return Cypress.$(color).css('background-color');\n      });\n      expect(currentColors).not.to.deep.equal(previousColors);\n      previousColors = currentColors;\n    });\n  }\n});",
              "err": {
                "message": "AssertionError: expected [ Array(4) ] to not deeply equal [ Array(4) ]",
                "estack": "AssertionError: expected [ Array(4) ] to not deeply equal [ Array(4) ]\n    at getRet (http://localhost:44799/__cypress/runner/cypress_runner.js:136585:16)\n    at tryCatcher (http://localhost:44799/__cypress/runner/cypress_runner.js:167415:23)\n    at Function.Promise.attempt.Promise.try (http://localhost:44799/__cypress/runner/cypress_runner.js:164690:29)\n    at Context.thenFn (http://localhost:44799/__cypress/runner/cypress_runner.js:136599:23)\n    at Context.then (http://localhost:44799/__cypress/runner/cypress_runner.js:136971:21)\n    at Context.<anonymous> (http://localhost:44799/__cypress/runner/cypress_runner.js:148875:21)\n    at http://localhost:44799/__cypress/runner/cypress_runner.js:148351:33\n    at tryCatcher (http://localhost:44799/__cypress/runner/cypress_runner.js:167415:23)\n    at Promise._settlePromiseFromHandler (http://localhost:44799/__cypress/runner/cypress_runner.js:165351:31)\n    at Promise._settlePromise (http://localhost:44799/__cypress/runner/cypress_runner.js:165408:18)\n    at Promise._settlePromiseCtx (http://localhost:44799/__cypress/runner/cypress_runner.js:165445:10)\n    at Async../node_modules/bluebird/js/release/async.js.Async._drainQueue (http://localhost:44799/__cypress/runner/cypress_runner.js:162145:12)\n    at Async../node_modules/bluebird/js/release/async.js.Async._drainQueues (http://localhost:44799/__cypress/runner/cypress_runner.js:162150:10)\n    at Async.drainQueues (http://localhost:44799/__cypress/runner/cypress_runner.js:162024:14)",
                "diff": ""
              },
              "uuid": "ae593143-3a42-4595-afe4-8152521d33e6",
              "parentUUID": "52943f3c-c5c0-4593-a3f4-0365afa5e0e2",
              "isHook": false,
              "skipped": false
            },
            {
              "title": "Verifica se a cor preta ainda está presente e é a primeira na sua paleta de cores",
              "fullTitle": "12 - Faça com que as cores da paleta sejam geradas aleatoriamente ao carregar a página. Verifica se a cor preta ainda está presente e é a primeira na sua paleta de cores",
              "timedOut": null,
              "duration": 613,
              "state": "failed",
              "speed": null,
              "pass": false,
              "fail": true,
              "pending": false,
              "context": null,
              "code": "cy.get('.color').then(function (colors) {\n  var currentColors;\n  var previousColors;\n  previousColors = Array.from(colors).map(function (color) {\n    return Cypress.$(color).css('background-color');\n  });\n  expect(previousColors[0]).to.eq(BLACK);\n  for (var i = 0; i < 5; i += 1) {\n    cy.reload();\n    cy.get('.color').then(function (colors) {\n      currentColors = Array.from(colors).map(function (color) {\n        return Cypress.$(color).css('background-color');\n      });\n      expect(currentColors[0]).to.eq(BLACK);\n      expect(currentColors).not.to.deep.equal(previousColors);\n      previousColors = currentColors;\n    });\n  }\n});",
              "err": {
                "message": "AssertionError: expected 'rgb(204, 98, 83)' to equal 'rgb(0, 0, 0)'",
                "estack": "AssertionError: expected 'rgb(204, 98, 83)' to equal 'rgb(0, 0, 0)'\n    at getRet (http://localhost:44799/__cypress/runner/cypress_runner.js:136585:16)\n    at tryCatcher (http://localhost:44799/__cypress/runner/cypress_runner.js:167415:23)\n    at Function.Promise.attempt.Promise.try (http://localhost:44799/__cypress/runner/cypress_runner.js:164690:29)\n    at Context.thenFn (http://localhost:44799/__cypress/runner/cypress_runner.js:136599:23)\n    at Context.then (http://localhost:44799/__cypress/runner/cypress_runner.js:136971:21)\n    at Context.<anonymous> (http://localhost:44799/__cypress/runner/cypress_runner.js:148875:21)\n    at http://localhost:44799/__cypress/runner/cypress_runner.js:148351:33\n    at tryCatcher (http://localhost:44799/__cypress/runner/cypress_runner.js:167415:23)\n    at Promise._settlePromiseFromHandler (http://localhost:44799/__cypress/runner/cypress_runner.js:165351:31)\n    at Promise._settlePromise (http://localhost:44799/__cypress/runner/cypress_runner.js:165408:18)\n    at Promise._settlePromiseCtx (http://localhost:44799/__cypress/runner/cypress_runner.js:165445:10)\n    at Async../node_modules/bluebird/js/release/async.js.Async._drainQueue (http://localhost:44799/__cypress/runner/cypress_runner.js:162145:12)\n    at Async../node_modules/bluebird/js/release/async.js.Async._drainQueues (http://localhost:44799/__cypress/runner/cypress_runner.js:162150:10)\n    at Async.drainQueues (http://localhost:44799/__cypress/runner/cypress_runner.js:162024:14)",
                "diff": "- 'rgb(204, 98, 83)'\n+ 'rgb(0, 0, 0)'\n"
              },
              "uuid": "4b60d09d-99b9-462c-8c59-f678ef15835b",
              "parentUUID": "52943f3c-c5c0-4593-a3f4-0365afa5e0e2",
              "isHook": false,
              "skipped": false
            }
          ],
          "suites": [],
          "passes": [],
          "failures": [
            "ae593143-3a42-4595-afe4-8152521d33e6",
            "4b60d09d-99b9-462c-8c59-f678ef15835b"
          ],
          "pending": [],
          "skipped": [],
          "duration": 1449,
          "root": false,
          "rootEmpty": false,
          "_timeout": 2000
        }
      ],
      "passes": [],
      "failures": [],
      "pending": [],
      "skipped": [],
      "duration": 0,
      "root": true,
      "rootEmpty": true,
      "_timeout": 2000
    }
  ],
  "meta": {
    "mocha": {
      "version": "7.0.1"
    },
    "mochawesome": {
      "options": {
        "quiet": false,
        "reportFilename": "mochawesome",
        "saveHtml": false,
        "saveJson": true,
        "consoleReporter": "spec",
        "useInlineDiffs": false
      },
      "version": "4.1.0"
    },
    "marge": {
      "options": {
        "id": "default",
        "reportDir": "cypress/reports",
        "overwrite": true,
        "html": false,
        "json": true
      },
      "version": "4.1.0"
    }
  }
}